[2018-06-08 14:31:08,242] - traintext.py [Line:108] - [INFO]-[thread:139806718932736]-[process:29568] - Word dictionary is not given, the dictionary is automatically built from the training data.
[2018-06-08 14:31:08,506] - traintext.py [Line:122] - [INFO]-[thread:139806718932736]-[process:29568] - Label dictionary is not given, the dictionary is automatically built from the training data.
[2018-06-08 14:31:09,733] - traintext.py [Line:136] - [INFO]-[thread:140502406756096]-[process:29623] - Class number is : 0.
[2018-06-08 14:31:09,733] - traintext.py [Line:157] - [INFO]-[thread:140502406756096]-[process:29623] - Length of word dictionary is : 200.
[2018-06-08 14:39:22,283] - traintext.py [Line:136] - [INFO]-[thread:139661489633024]-[process:10585] - Class number is : 0.
[2018-06-08 14:39:22,283] - traintext.py [Line:157] - [INFO]-[thread:139661489633024]-[process:10585] - Length of word dictionary is : 200.
[2018-06-08 14:46:11,984] - traintext.py [Line:136] - [INFO]-[thread:139960193423104]-[process:21935] - Class number is : 0.
[2018-06-08 14:46:11,984] - traintext.py [Line:157] - [INFO]-[thread:139960193423104]-[process:21935] - Length of word dictionary is : 200.
[2018-06-08 14:46:31,891] - traintext.py [Line:108] - [INFO]-[thread:140205691184896]-[process:22501] - Word dictionary is not given, the dictionary is automatically built from the training data.
[2018-06-08 14:46:32,118] - traintext.py [Line:122] - [INFO]-[thread:140205691184896]-[process:22501] - Label dictionary is not given, the dictionary is automatically built from the training data.
[2018-06-08 14:46:32,123] - traintext.py [Line:136] - [INFO]-[thread:140205691184896]-[process:22501] - Class number is : 2.
[2018-06-08 14:46:32,124] - traintext.py [Line:157] - [INFO]-[thread:140205691184896]-[process:22501] - Length of word dictionary is : 532.
[2018-06-08 14:46:33,205] - traintext.py [Line:192] - [INFO]-[thread:140205691184896]-[process:22501] - Pass 0, Batch 0, Cost 0.898044, {'__auc_evaluator_0__': 0.4000000059604645, 'classification_error_evaluator': 0.625}

[2018-06-08 14:46:33,374] - traintext.py [Line:192] - [INFO]-[thread:140205691184896]-[process:22501] - Pass 1, Batch 0, Cost 1.535943, {'__auc_evaluator_0__': 0.5333333611488342, 'classification_error_evaluator': 0.375}

[2018-06-08 14:46:33,505] - traintext.py [Line:192] - [INFO]-[thread:140205691184896]-[process:22501] - Pass 2, Batch 0, Cost 1.032765, {'__auc_evaluator_0__': 0.8666666746139526, 'classification_error_evaluator': 0.375}

[2018-06-08 14:46:33,648] - traintext.py [Line:192] - [INFO]-[thread:140205691184896]-[process:22501] - Pass 3, Batch 0, Cost 0.480023, {'__auc_evaluator_0__': 1.0, 'classification_error_evaluator': 0.25}

[2018-06-08 14:46:33,794] - traintext.py [Line:192] - [INFO]-[thread:140205691184896]-[process:22501] - Pass 4, Batch 0, Cost 0.549721, {'__auc_evaluator_0__': 1.0, 'classification_error_evaluator': 0.5}

[2018-06-08 14:46:33,947] - traintext.py [Line:192] - [INFO]-[thread:140205691184896]-[process:22501] - Pass 5, Batch 0, Cost 0.586245, {'__auc_evaluator_0__': 1.0, 'classification_error_evaluator': 0.5}

[2018-06-08 14:46:34,097] - traintext.py [Line:192] - [INFO]-[thread:140205691184896]-[process:22501] - Pass 6, Batch 0, Cost 0.320611, {'__auc_evaluator_0__': 1.0, 'classification_error_evaluator': 0.0}

[2018-06-08 14:46:34,254] - traintext.py [Line:192] - [INFO]-[thread:140205691184896]-[process:22501] - Pass 7, Batch 0, Cost 0.141508, {'__auc_evaluator_0__': 1.0, 'classification_error_evaluator': 0.0}

[2018-06-08 14:46:34,408] - traintext.py [Line:192] - [INFO]-[thread:140205691184896]-[process:22501] - Pass 8, Batch 0, Cost 0.103344, {'__auc_evaluator_0__': 1.0, 'classification_error_evaluator': 0.0}

[2018-06-08 14:46:34,547] - traintext.py [Line:192] - [INFO]-[thread:140205691184896]-[process:22501] - Pass 9, Batch 0, Cost 0.076952, {'__auc_evaluator_0__': 1.0, 'classification_error_evaluator': 0.0}

[2018-06-08 14:46:34,600] - traintext.py [Line:211] - [INFO]-[thread:140205691184896]-[process:22501] - Training has finished.
[2018-06-08 14:51:44,999] - traintext.py [Line:136] - [INFO]-[thread:139627131082496]-[process:30956] - Class number is : 0.
[2018-06-08 14:51:44,999] - traintext.py [Line:157] - [INFO]-[thread:139627131082496]-[process:30956] - Length of word dictionary is : 532.
[2018-06-08 14:52:02,960] - traintext.py [Line:136] - [INFO]-[thread:139712930174720]-[process:31495] - Class number is : 2.
[2018-06-08 14:52:02,960] - traintext.py [Line:157] - [INFO]-[thread:139712930174720]-[process:31495] - Length of word dictionary is : 532.
[2018-06-08 14:52:03,781] - traintext.py [Line:192] - [INFO]-[thread:139712930174720]-[process:31495] - Pass 0, Batch 0, Cost 0.898044, {'__auc_evaluator_0__': 0.4000000059604645, 'classification_error_evaluator': 0.625}

[2018-06-08 14:52:03,952] - traintext.py [Line:192] - [INFO]-[thread:139712930174720]-[process:31495] - Pass 1, Batch 0, Cost 1.535943, {'__auc_evaluator_0__': 0.5333333611488342, 'classification_error_evaluator': 0.375}

[2018-06-08 14:52:04,084] - traintext.py [Line:192] - [INFO]-[thread:139712930174720]-[process:31495] - Pass 2, Batch 0, Cost 1.032765, {'__auc_evaluator_0__': 0.8666666746139526, 'classification_error_evaluator': 0.375}

[2018-06-08 14:52:04,214] - traintext.py [Line:192] - [INFO]-[thread:139712930174720]-[process:31495] - Pass 3, Batch 0, Cost 0.480023, {'__auc_evaluator_0__': 1.0, 'classification_error_evaluator': 0.25}

[2018-06-08 14:52:04,337] - traintext.py [Line:192] - [INFO]-[thread:139712930174720]-[process:31495] - Pass 4, Batch 0, Cost 0.549721, {'__auc_evaluator_0__': 1.0, 'classification_error_evaluator': 0.5}

[2018-06-08 14:52:04,459] - traintext.py [Line:192] - [INFO]-[thread:139712930174720]-[process:31495] - Pass 5, Batch 0, Cost 0.586245, {'__auc_evaluator_0__': 1.0, 'classification_error_evaluator': 0.5}

[2018-06-08 14:52:04,580] - traintext.py [Line:192] - [INFO]-[thread:139712930174720]-[process:31495] - Pass 6, Batch 0, Cost 0.320611, {'__auc_evaluator_0__': 1.0, 'classification_error_evaluator': 0.0}

[2018-06-08 14:52:04,704] - traintext.py [Line:192] - [INFO]-[thread:139712930174720]-[process:31495] - Pass 7, Batch 0, Cost 0.141508, {'__auc_evaluator_0__': 1.0, 'classification_error_evaluator': 0.0}

[2018-06-08 14:52:04,826] - traintext.py [Line:192] - [INFO]-[thread:139712930174720]-[process:31495] - Pass 8, Batch 0, Cost 0.103344, {'__auc_evaluator_0__': 1.0, 'classification_error_evaluator': 0.0}

[2018-06-08 14:52:04,950] - traintext.py [Line:192] - [INFO]-[thread:139712930174720]-[process:31495] - Pass 9, Batch 0, Cost 0.076952, {'__auc_evaluator_0__': 1.0, 'classification_error_evaluator': 0.0}

[2018-06-08 14:52:05,005] - traintext.py [Line:211] - [INFO]-[thread:139712930174720]-[process:31495] - Training has finished.
[2018-06-08 15:01:16,082] - traintext.py [Line:136] - [INFO]-[thread:140485858813696]-[process:14057] - Class number is : 0.
[2018-06-08 15:01:16,082] - traintext.py [Line:157] - [INFO]-[thread:140485858813696]-[process:14057] - Length of word dictionary is : 532.
[2018-06-08 15:01:17,231] - traintext.py [Line:161] - [INFO]-[thread:140485858813696]-[process:14057] - paddle.init is over
[2018-06-08 15:01:17,232] - traintext.py [Line:170] - [INFO]-[thread:140485858813696]-[process:14057] - adam_optimizer is over
[2018-06-08 15:02:17,633] - traintext.py [Line:136] - [INFO]-[thread:139933134862080]-[process:15741] - Class number is : 0.
[2018-06-08 15:02:17,633] - traintext.py [Line:157] - [INFO]-[thread:139933134862080]-[process:15741] - Length of word dictionary is : 532.
[2018-06-08 15:02:18,209] - traintext.py [Line:161] - [INFO]-[thread:139933134862080]-[process:15741] - paddle.init is over
[2018-06-08 15:02:18,209] - traintext.py [Line:170] - [INFO]-[thread:139933134862080]-[process:15741] - adam_optimizer is over
[2018-06-08 15:03:07,102] - traintext.py [Line:136] - [INFO]-[thread:140649243555584]-[process:17242] - Class number is : 0.
[2018-06-08 15:03:07,102] - traintext.py [Line:157] - [INFO]-[thread:140649243555584]-[process:17242] - Length of word dictionary is : 532.
[2018-06-08 15:03:07,675] - traintext.py [Line:161] - [INFO]-[thread:140649243555584]-[process:17242] - paddle.init is over
[2018-06-08 15:03:07,676] - traintext.py [Line:170] - [INFO]-[thread:140649243555584]-[process:17242] - adam_optimizer is over
[2018-06-08 15:09:05,459] - traintext.py [Line:122] - [INFO]-[thread:140043942401792]-[process:27061] - Label dictionary is not given, the dictionary is automatically built from the training data.
[2018-06-08 15:09:05,482] - traintext.py [Line:136] - [INFO]-[thread:140043942401792]-[process:27061] - Class number is : 2.
[2018-06-08 15:09:05,482] - traintext.py [Line:157] - [INFO]-[thread:140043942401792]-[process:27061] - Length of word dictionary is : 532.
[2018-06-08 15:09:06,066] - traintext.py [Line:161] - [INFO]-[thread:140043942401792]-[process:27061] - paddle.init is over
[2018-06-08 15:09:06,067] - traintext.py [Line:170] - [INFO]-[thread:140043942401792]-[process:27061] - adam_optimizer is over
[2018-06-08 15:09:06,071] - traintext.py [Line:174] - [INFO]-[thread:140043942401792]-[process:27061] - nested_net is over
[2018-06-08 15:09:06,072] - traintext.py [Line:179] - [INFO]-[thread:140043942401792]-[process:27061] - paddle.parameters is over
[2018-06-08 15:09:06,078] - traintext.py [Line:188] - [INFO]-[thread:140043942401792]-[process:27061] - paddle.trainer.SG is over
[2018-06-08 15:09:06,426] - traintext.py [Line:199] - [INFO]-[thread:140043942401792]-[process:27061] - Pass 0, Batch 0, Cost 0.898044, {'__auc_evaluator_0__': 0.4000000059604645, 'classification_error_evaluator': 0.625}

[2018-06-08 15:09:06,632] - traintext.py [Line:199] - [INFO]-[thread:140043942401792]-[process:27061] - Pass 1, Batch 0, Cost 1.535943, {'__auc_evaluator_0__': 0.5333333611488342, 'classification_error_evaluator': 0.375}

[2018-06-08 15:09:06,759] - traintext.py [Line:199] - [INFO]-[thread:140043942401792]-[process:27061] - Pass 2, Batch 0, Cost 1.032765, {'__auc_evaluator_0__': 0.8666666746139526, 'classification_error_evaluator': 0.375}

[2018-06-08 15:09:06,879] - traintext.py [Line:199] - [INFO]-[thread:140043942401792]-[process:27061] - Pass 3, Batch 0, Cost 0.480023, {'__auc_evaluator_0__': 1.0, 'classification_error_evaluator': 0.25}

[2018-06-08 15:09:07,005] - traintext.py [Line:199] - [INFO]-[thread:140043942401792]-[process:27061] - Pass 4, Batch 0, Cost 0.549721, {'__auc_evaluator_0__': 1.0, 'classification_error_evaluator': 0.5}

[2018-06-08 15:09:07,128] - traintext.py [Line:199] - [INFO]-[thread:140043942401792]-[process:27061] - Pass 5, Batch 0, Cost 0.586245, {'__auc_evaluator_0__': 1.0, 'classification_error_evaluator': 0.5}

[2018-06-08 15:09:07,245] - traintext.py [Line:199] - [INFO]-[thread:140043942401792]-[process:27061] - Pass 6, Batch 0, Cost 0.320611, {'__auc_evaluator_0__': 1.0, 'classification_error_evaluator': 0.0}

[2018-06-08 15:09:07,370] - traintext.py [Line:199] - [INFO]-[thread:140043942401792]-[process:27061] - Pass 7, Batch 0, Cost 0.141508, {'__auc_evaluator_0__': 1.0, 'classification_error_evaluator': 0.0}

[2018-06-08 15:09:07,496] - traintext.py [Line:199] - [INFO]-[thread:140043942401792]-[process:27061] - Pass 8, Batch 0, Cost 0.103344, {'__auc_evaluator_0__': 1.0, 'classification_error_evaluator': 0.0}

[2018-06-08 15:09:07,624] - traintext.py [Line:199] - [INFO]-[thread:140043942401792]-[process:27061] - Pass 9, Batch 0, Cost 0.076952, {'__auc_evaluator_0__': 1.0, 'classification_error_evaluator': 0.0}

[2018-06-08 15:09:07,675] - traintext.py [Line:218] - [INFO]-[thread:140043942401792]-[process:27061] - Training has finished.
