[2018-06-12 11:09:42,780] - traintext.py [Line:108] - [INFO]-[thread:139895695128320]-[process:13446] - Word dictionary is not given, the dictionary is automatically built from the training data.
[2018-06-12 11:09:45,639] - traintext.py [Line:122] - [INFO]-[thread:139895695128320]-[process:13446] - Label dictionary is not given, the dictionary is automatically built from the training data.
[2018-06-12 11:09:45,708] - traintext.py [Line:136] - [INFO]-[thread:139895695128320]-[process:13446] - Class number is : 2.
[2018-06-12 11:09:45,708] - traintext.py [Line:157] - [INFO]-[thread:139895695128320]-[process:13446] - Length of word dictionary is : 37116.
[2018-06-12 11:09:47,459] - traintext.py [Line:161] - [INFO]-[thread:139895695128320]-[process:13446] - paddle.init is over
[2018-06-12 11:09:47,461] - traintext.py [Line:170] - [INFO]-[thread:139895695128320]-[process:13446] - adam_optimizer is over
[2018-06-12 11:09:47,468] - traintext.py [Line:174] - [INFO]-[thread:139895695128320]-[process:13446] - nested_net is over
[2018-06-12 11:09:47,471] - traintext.py [Line:179] - [INFO]-[thread:139895695128320]-[process:13446] - paddle.parameters is over
[2018-06-12 11:09:47,540] - traintext.py [Line:188] - [INFO]-[thread:139895695128320]-[process:13446] - paddle.trainer.SG is over
[2018-06-12 11:09:50,410] - traintext.py [Line:199] - [INFO]-[thread:139895695128320]-[process:13446] - Pass 0, Batch 0, Cost 1.373992, {'__auc_evaluator_0__': 0.6705882549285889, 'classification_error_evaluator': 0.46875}

[2018-06-12 11:09:57,043] - traintext.py [Line:199] - [INFO]-[thread:139895695128320]-[process:13446] - Pass 1, Batch 0, Cost 0.083365, {'__auc_evaluator_0__': 1.0, 'classification_error_evaluator': 0.03125}

[2018-06-12 11:10:04,305] - traintext.py [Line:199] - [INFO]-[thread:139895695128320]-[process:13446] - Pass 2, Batch 0, Cost 0.000027, {'__auc_evaluator_0__': 1.0, 'classification_error_evaluator': 0.0}

[2018-06-12 11:10:12,075] - traintext.py [Line:199] - [INFO]-[thread:139895695128320]-[process:13446] - Pass 3, Batch 0, Cost 0.000002, {'__auc_evaluator_0__': 1.0, 'classification_error_evaluator': 0.0}

[2018-06-12 11:10:17,028] - traintext.py [Line:199] - [INFO]-[thread:139895695128320]-[process:13446] - Pass 4, Batch 0, Cost 0.000001, {'__auc_evaluator_0__': 1.0, 'classification_error_evaluator': 0.0}

[2018-06-12 11:10:22,120] - traintext.py [Line:199] - [INFO]-[thread:139895695128320]-[process:13446] - Pass 5, Batch 0, Cost 0.000000, {'__auc_evaluator_0__': 1.0, 'classification_error_evaluator': 0.0}

[2018-06-12 11:10:26,783] - traintext.py [Line:199] - [INFO]-[thread:139895695128320]-[process:13446] - Pass 6, Batch 0, Cost 0.000000, {'__auc_evaluator_0__': 1.0, 'classification_error_evaluator': 0.0}

[2018-06-12 11:10:31,577] - traintext.py [Line:199] - [INFO]-[thread:139895695128320]-[process:13446] - Pass 7, Batch 0, Cost 0.000000, {'__auc_evaluator_0__': 1.0, 'classification_error_evaluator': 0.0}

[2018-06-12 11:10:36,576] - traintext.py [Line:199] - [INFO]-[thread:139895695128320]-[process:13446] - Pass 8, Batch 0, Cost 0.000000, {'__auc_evaluator_0__': 1.0, 'classification_error_evaluator': 0.0}

[2018-06-12 11:10:41,548] - traintext.py [Line:199] - [INFO]-[thread:139895695128320]-[process:13446] - Pass 9, Batch 0, Cost 0.000000, {'__auc_evaluator_0__': 1.0, 'classification_error_evaluator': 0.0}

[2018-06-12 11:10:43,986] - traintext.py [Line:218] - [INFO]-[thread:139895695128320]-[process:13446] - Training has finished.
[2018-06-12 17:06:52,035] - traintext.py [Line:108] - [INFO]-[thread:140715312469760]-[process:26909] - Word dictionary is not given, the dictionary is automatically built from the training data.
[2018-06-12 17:06:52,353] - traintext.py [Line:122] - [INFO]-[thread:140715312469760]-[process:26909] - Label dictionary is not given, the dictionary is automatically built from the training data.
[2018-06-13 09:04:16,582] - traintext.py [Line:136] - [INFO]-[thread:140136787990272]-[process:30298] - Class number is : 0.
[2018-06-13 09:04:16,582] - traintext.py [Line:157] - [INFO]-[thread:140136787990272]-[process:30298] - Length of word dictionary is : 4221.
[2018-06-13 09:04:17,181] - traintext.py [Line:161] - [INFO]-[thread:140136787990272]-[process:30298] - paddle.init is over
[2018-06-13 09:04:17,182] - traintext.py [Line:170] - [INFO]-[thread:140136787990272]-[process:30298] - adam_optimizer is over
[2018-06-13 09:18:30,683] - traintext.py [Line:122] - [INFO]-[thread:140112204400384]-[process:614] - Label dictionary is not given, the dictionary is automatically built from the training data.
[2018-06-13 09:18:30,692] - traintext.py [Line:136] - [INFO]-[thread:140112204400384]-[process:614] - Class number is : 2.
[2018-06-13 09:18:30,692] - traintext.py [Line:157] - [INFO]-[thread:140112204400384]-[process:614] - Length of word dictionary is : 4221.
[2018-06-13 09:18:31,338] - traintext.py [Line:161] - [INFO]-[thread:140112204400384]-[process:614] - paddle.init is over
[2018-06-13 09:18:31,338] - traintext.py [Line:170] - [INFO]-[thread:140112204400384]-[process:614] - adam_optimizer is over
[2018-06-13 09:18:31,343] - traintext.py [Line:174] - [INFO]-[thread:140112204400384]-[process:614] - nested_net is over
[2018-06-13 09:18:31,344] - traintext.py [Line:179] - [INFO]-[thread:140112204400384]-[process:614] - paddle.parameters is over
[2018-06-13 09:18:31,356] - traintext.py [Line:188] - [INFO]-[thread:140112204400384]-[process:614] - paddle.trainer.SG is over
[2018-06-13 09:18:31,623] - traintext.py [Line:199] - [INFO]-[thread:140112204400384]-[process:614] - Pass 0, Batch 0, Cost 0.335496, {'__auc_evaluator_0__': 0.5806451439857483, 'classification_error_evaluator': 0.03125}

[2018-06-13 09:18:32,420] - traintext.py [Line:199] - [INFO]-[thread:140112204400384]-[process:614] - Pass 1, Batch 0, Cost 0.594061, {'__auc_evaluator_0__': 0.918181836605072, 'classification_error_evaluator': 0.3125}

[2018-06-13 09:18:33,449] - traintext.py [Line:199] - [INFO]-[thread:140112204400384]-[process:614] - Pass 2, Batch 0, Cost 0.118441, {'__auc_evaluator_0__': 1.0, 'classification_error_evaluator': 0.03125}

[2018-06-13 09:18:34,220] - traintext.py [Line:199] - [INFO]-[thread:140112204400384]-[process:614] - Pass 3, Batch 0, Cost 0.073693, {'__auc_evaluator_0__': 1.0, 'classification_error_evaluator': 0.0625}

[2018-06-13 09:18:35,052] - traintext.py [Line:199] - [INFO]-[thread:140112204400384]-[process:614] - Pass 4, Batch 0, Cost 0.002249, {'__auc_evaluator_0__': 1.0, 'classification_error_evaluator': 0.0}

[2018-06-13 09:18:35,851] - traintext.py [Line:199] - [INFO]-[thread:140112204400384]-[process:614] - Pass 5, Batch 0, Cost 0.000355, {'__auc_evaluator_0__': 1.0, 'classification_error_evaluator': 0.0}

[2018-06-13 09:18:36,614] - traintext.py [Line:199] - [INFO]-[thread:140112204400384]-[process:614] - Pass 6, Batch 0, Cost 0.000467, {'__auc_evaluator_0__': 1.0, 'classification_error_evaluator': 0.0}

[2018-06-13 09:18:37,441] - traintext.py [Line:199] - [INFO]-[thread:140112204400384]-[process:614] - Pass 7, Batch 0, Cost 0.000568, {'__auc_evaluator_0__': 1.0, 'classification_error_evaluator': 0.0}

[2018-06-13 09:18:38,215] - traintext.py [Line:199] - [INFO]-[thread:140112204400384]-[process:614] - Pass 8, Batch 0, Cost 0.000236, {'__auc_evaluator_0__': 1.0, 'classification_error_evaluator': 0.0}

[2018-06-13 09:18:39,139] - traintext.py [Line:199] - [INFO]-[thread:140112204400384]-[process:614] - Pass 9, Batch 0, Cost 0.000589, {'__auc_evaluator_0__': 1.0, 'classification_error_evaluator': 0.0}

[2018-06-13 09:18:39,905] - traintext.py [Line:218] - [INFO]-[thread:140112204400384]-[process:614] - Training has finished.
[2018-06-13 11:49:00,862] - traintext.py [Line:136] - [INFO]-[thread:140236724291328]-[process:21778] - Class number is : 2.
[2018-06-13 11:49:00,862] - traintext.py [Line:157] - [INFO]-[thread:140236724291328]-[process:21778] - Length of word dictionary is : 4221.
[2018-06-13 11:49:01,469] - traintext.py [Line:161] - [INFO]-[thread:140236724291328]-[process:21778] - paddle.init is over
[2018-06-13 11:49:01,470] - traintext.py [Line:170] - [INFO]-[thread:140236724291328]-[process:21778] - adam_optimizer is over
[2018-06-13 11:49:01,474] - traintext.py [Line:174] - [INFO]-[thread:140236724291328]-[process:21778] - nested_net is over
[2018-06-13 11:49:01,475] - traintext.py [Line:179] - [INFO]-[thread:140236724291328]-[process:21778] - paddle.parameters is over
[2018-06-13 11:49:01,488] - traintext.py [Line:188] - [INFO]-[thread:140236724291328]-[process:21778] - paddle.trainer.SG is over
[2018-06-13 11:49:01,771] - traintext.py [Line:199] - [INFO]-[thread:140236724291328]-[process:21778] - Pass 0, Batch 0, Cost 0.466652, {'__auc_evaluator_0__': 0.40740740299224854, 'classification_error_evaluator': 0.15625}

[2018-06-13 11:49:02,525] - traintext.py [Line:199] - [INFO]-[thread:140236724291328]-[process:21778] - Pass 1, Batch 0, Cost 0.230866, {'__auc_evaluator_0__': 0.9553571343421936, 'classification_error_evaluator': 0.0625}

[2018-06-13 11:49:03,247] - traintext.py [Line:199] - [INFO]-[thread:140236724291328]-[process:21778] - Pass 2, Batch 0, Cost 0.014740, {'__auc_evaluator_0__': 1.0, 'classification_error_evaluator': 0.0}

[2018-06-13 11:49:03,940] - traintext.py [Line:199] - [INFO]-[thread:140236724291328]-[process:21778] - Pass 3, Batch 0, Cost 0.000606, {'__auc_evaluator_0__': 1.0, 'classification_error_evaluator': 0.0}

[2018-06-13 11:49:04,685] - traintext.py [Line:199] - [INFO]-[thread:140236724291328]-[process:21778] - Pass 4, Batch 0, Cost 0.000457, {'__auc_evaluator_0__': 1.0, 'classification_error_evaluator': 0.0}

[2018-06-13 11:49:05,380] - traintext.py [Line:199] - [INFO]-[thread:140236724291328]-[process:21778] - Pass 5, Batch 0, Cost 0.000035, {'__auc_evaluator_0__': 1.0, 'classification_error_evaluator': 0.0}

[2018-06-13 11:49:06,155] - traintext.py [Line:199] - [INFO]-[thread:140236724291328]-[process:21778] - Pass 6, Batch 0, Cost 0.000082, {'__auc_evaluator_0__': 1.0, 'classification_error_evaluator': 0.0}

[2018-06-13 11:49:06,854] - traintext.py [Line:199] - [INFO]-[thread:140236724291328]-[process:21778] - Pass 7, Batch 0, Cost 0.000636, {'__auc_evaluator_0__': 1.0, 'classification_error_evaluator': 0.0}

[2018-06-13 11:49:07,556] - traintext.py [Line:199] - [INFO]-[thread:140236724291328]-[process:21778] - Pass 8, Batch 0, Cost 0.008101, {'__auc_evaluator_0__': 1.0, 'classification_error_evaluator': 0.0}

[2018-06-13 11:49:08,288] - traintext.py [Line:199] - [INFO]-[thread:140236724291328]-[process:21778] - Pass 9, Batch 0, Cost 0.000815, {'__auc_evaluator_0__': 1.0, 'classification_error_evaluator': 0.0}

[2018-06-13 11:49:08,870] - traintext.py [Line:218] - [INFO]-[thread:140236724291328]-[process:21778] - Training has finished.
[2018-06-13 11:50:33,421] - traintext.py [Line:136] - [INFO]-[thread:140557331150592]-[process:25616] - Class number is : 2.
[2018-06-13 11:50:33,422] - traintext.py [Line:157] - [INFO]-[thread:140557331150592]-[process:25616] - Length of word dictionary is : 4221.
[2018-06-13 11:50:34,003] - traintext.py [Line:161] - [INFO]-[thread:140557331150592]-[process:25616] - paddle.init is over
[2018-06-13 11:50:34,003] - traintext.py [Line:170] - [INFO]-[thread:140557331150592]-[process:25616] - adam_optimizer is over
[2018-06-13 11:50:34,008] - traintext.py [Line:174] - [INFO]-[thread:140557331150592]-[process:25616] - nested_net is over
[2018-06-13 11:50:34,010] - traintext.py [Line:179] - [INFO]-[thread:140557331150592]-[process:25616] - paddle.parameters is over
[2018-06-13 11:50:34,021] - traintext.py [Line:188] - [INFO]-[thread:140557331150592]-[process:25616] - paddle.trainer.SG is over
[2018-06-13 11:50:34,282] - traintext.py [Line:199] - [INFO]-[thread:140557331150592]-[process:25616] - Pass 0, Batch 0, Cost 0.496662, {'__auc_evaluator_0__': 0.557692289352417, 'classification_error_evaluator': 0.1875}

[2018-06-13 11:50:35,001] - traintext.py [Line:199] - [INFO]-[thread:140557331150592]-[process:25616] - Pass 1, Batch 0, Cost 0.243710, {'__auc_evaluator_0__': 0.9666666388511658, 'classification_error_evaluator': 0.0625}

[2018-06-13 11:50:35,747] - traintext.py [Line:199] - [INFO]-[thread:140557331150592]-[process:25616] - Pass 2, Batch 0, Cost 0.006447, {'__auc_evaluator_0__': 1.0, 'classification_error_evaluator': 0.0}

[2018-06-13 11:50:36,457] - traintext.py [Line:199] - [INFO]-[thread:140557331150592]-[process:25616] - Pass 3, Batch 0, Cost 0.004335, {'__auc_evaluator_0__': 1.0, 'classification_error_evaluator': 0.0}

[2018-06-13 11:50:37,194] - traintext.py [Line:199] - [INFO]-[thread:140557331150592]-[process:25616] - Pass 4, Batch 0, Cost 0.001319, {'__auc_evaluator_0__': 1.0, 'classification_error_evaluator': 0.0}

[2018-06-13 11:50:37,923] - traintext.py [Line:199] - [INFO]-[thread:140557331150592]-[process:25616] - Pass 5, Batch 0, Cost 0.000478, {'__auc_evaluator_0__': 1.0, 'classification_error_evaluator': 0.0}

[2018-06-13 11:50:38,635] - traintext.py [Line:199] - [INFO]-[thread:140557331150592]-[process:25616] - Pass 6, Batch 0, Cost 0.000398, {'__auc_evaluator_0__': 1.0, 'classification_error_evaluator': 0.0}

[2018-06-13 11:50:39,370] - traintext.py [Line:199] - [INFO]-[thread:140557331150592]-[process:25616] - Pass 7, Batch 0, Cost 0.000188, {'__auc_evaluator_0__': 1.0, 'classification_error_evaluator': 0.0}

[2018-06-13 11:50:40,079] - traintext.py [Line:199] - [INFO]-[thread:140557331150592]-[process:25616] - Pass 8, Batch 0, Cost 0.000340, {'__auc_evaluator_0__': 1.0, 'classification_error_evaluator': 0.0}

[2018-06-13 11:50:40,846] - traintext.py [Line:199] - [INFO]-[thread:140557331150592]-[process:25616] - Pass 9, Batch 0, Cost 0.000362, {'__auc_evaluator_0__': 1.0, 'classification_error_evaluator': 0.0}

[2018-06-13 11:50:41,568] - traintext.py [Line:218] - [INFO]-[thread:140557331150592]-[process:25616] - Training has finished.
[2018-06-13 11:52:05,612] - traintext.py [Line:136] - [INFO]-[thread:139958748804864]-[process:29379] - Class number is : 2.
[2018-06-13 11:52:05,612] - traintext.py [Line:157] - [INFO]-[thread:139958748804864]-[process:29379] - Length of word dictionary is : 4221.
[2018-06-13 11:52:06,207] - traintext.py [Line:161] - [INFO]-[thread:139958748804864]-[process:29379] - paddle.init is over
[2018-06-13 11:52:06,207] - traintext.py [Line:170] - [INFO]-[thread:139958748804864]-[process:29379] - adam_optimizer is over
[2018-06-13 11:52:06,213] - traintext.py [Line:174] - [INFO]-[thread:139958748804864]-[process:29379] - nested_net is over
[2018-06-13 11:52:06,214] - traintext.py [Line:179] - [INFO]-[thread:139958748804864]-[process:29379] - paddle.parameters is over
[2018-06-13 11:52:06,225] - traintext.py [Line:188] - [INFO]-[thread:139958748804864]-[process:29379] - paddle.trainer.SG is over
[2018-06-13 11:52:06,496] - traintext.py [Line:199] - [INFO]-[thread:139958748804864]-[process:29379] - Pass 0, Batch 0, Cost 0.432836, {'__auc_evaluator_0__': 0.4285714328289032, 'classification_error_evaluator': 0.125}

[2018-06-13 11:52:07,290] - traintext.py [Line:199] - [INFO]-[thread:139958748804864]-[process:29379] - Pass 1, Batch 0, Cost 0.703753, {'__auc_evaluator_0__': 0.9710144996643066, 'classification_error_evaluator': 0.28125}

[2018-06-13 11:52:08,094] - traintext.py [Line:199] - [INFO]-[thread:139958748804864]-[process:29379] - Pass 2, Batch 0, Cost 0.071897, {'__auc_evaluator_0__': 1.0, 'classification_error_evaluator': 0.03125}

[2018-06-13 11:52:08,878] - traintext.py [Line:199] - [INFO]-[thread:139958748804864]-[process:29379] - Pass 3, Batch 0, Cost 0.000920, {'__auc_evaluator_0__': 1.0, 'classification_error_evaluator': 0.0}

[2018-06-13 11:52:09,672] - traintext.py [Line:199] - [INFO]-[thread:139958748804864]-[process:29379] - Pass 4, Batch 0, Cost 0.000334, {'__auc_evaluator_0__': 1.0, 'classification_error_evaluator': 0.0}

[2018-06-13 11:52:10,443] - traintext.py [Line:199] - [INFO]-[thread:139958748804864]-[process:29379] - Pass 5, Batch 0, Cost 0.019138, {'__auc_evaluator_0__': 1.0, 'classification_error_evaluator': 0.0}

[2018-06-13 11:52:11,279] - traintext.py [Line:199] - [INFO]-[thread:139958748804864]-[process:29379] - Pass 6, Batch 0, Cost 0.000256, {'__auc_evaluator_0__': 1.0, 'classification_error_evaluator': 0.0}

[2018-06-13 11:52:12,011] - traintext.py [Line:199] - [INFO]-[thread:139958748804864]-[process:29379] - Pass 7, Batch 0, Cost 0.000456, {'__auc_evaluator_0__': 1.0, 'classification_error_evaluator': 0.0}

[2018-06-13 11:52:12,786] - traintext.py [Line:199] - [INFO]-[thread:139958748804864]-[process:29379] - Pass 8, Batch 0, Cost 0.003832, {'__auc_evaluator_0__': 1.0, 'classification_error_evaluator': 0.0}

[2018-06-13 11:52:13,585] - traintext.py [Line:199] - [INFO]-[thread:139958748804864]-[process:29379] - Pass 9, Batch 0, Cost 0.000377, {'__auc_evaluator_0__': 1.0, 'classification_error_evaluator': 0.0}

[2018-06-13 11:52:14,245] - traintext.py [Line:218] - [INFO]-[thread:139958748804864]-[process:29379] - Training has finished.
[2018-06-13 11:53:48,520] - traintext.py [Line:136] - [INFO]-[thread:140452925105920]-[process:1271] - Class number is : 2.
[2018-06-13 11:53:48,520] - traintext.py [Line:157] - [INFO]-[thread:140452925105920]-[process:1271] - Length of word dictionary is : 4221.
[2018-06-13 11:53:49,123] - traintext.py [Line:161] - [INFO]-[thread:140452925105920]-[process:1271] - paddle.init is over
[2018-06-13 11:53:49,123] - traintext.py [Line:170] - [INFO]-[thread:140452925105920]-[process:1271] - adam_optimizer is over
[2018-06-13 11:53:49,128] - traintext.py [Line:174] - [INFO]-[thread:140452925105920]-[process:1271] - nested_net is over
[2018-06-13 11:53:49,129] - traintext.py [Line:179] - [INFO]-[thread:140452925105920]-[process:1271] - paddle.parameters is over
[2018-06-13 11:53:49,141] - traintext.py [Line:188] - [INFO]-[thread:140452925105920]-[process:1271] - paddle.trainer.SG is over
[2018-06-13 11:53:49,401] - traintext.py [Line:199] - [INFO]-[thread:140452925105920]-[process:1271] - Pass 0, Batch 0, Cost 0.432634, {'__auc_evaluator_0__': 0.5089285969734192, 'classification_error_evaluator': 0.125}

[2018-06-13 11:53:50,127] - traintext.py [Line:199] - [INFO]-[thread:140452925105920]-[process:1271] - Pass 1, Batch 0, Cost 0.193683, {'__auc_evaluator_0__': 1.0, 'classification_error_evaluator': 0.0}

[2018-06-13 11:53:50,806] - traintext.py [Line:199] - [INFO]-[thread:140452925105920]-[process:1271] - Pass 2, Batch 0, Cost 0.024684, {'__auc_evaluator_0__': 1.0, 'classification_error_evaluator': 0.0}

[2018-06-13 11:53:51,505] - traintext.py [Line:199] - [INFO]-[thread:140452925105920]-[process:1271] - Pass 3, Batch 0, Cost 0.002162, {'__auc_evaluator_0__': 1.0, 'classification_error_evaluator': 0.0}

[2018-06-13 11:53:52,260] - traintext.py [Line:199] - [INFO]-[thread:140452925105920]-[process:1271] - Pass 4, Batch 0, Cost 0.004150, {'__auc_evaluator_0__': 1.0, 'classification_error_evaluator': 0.0}

[2018-06-13 11:53:52,996] - traintext.py [Line:199] - [INFO]-[thread:140452925105920]-[process:1271] - Pass 5, Batch 0, Cost 0.000190, {'__auc_evaluator_0__': 1.0, 'classification_error_evaluator': 0.0}

[2018-06-13 11:53:53,761] - traintext.py [Line:199] - [INFO]-[thread:140452925105920]-[process:1271] - Pass 6, Batch 0, Cost 0.000393, {'__auc_evaluator_0__': 1.0, 'classification_error_evaluator': 0.0}

[2018-06-13 11:53:54,511] - traintext.py [Line:199] - [INFO]-[thread:140452925105920]-[process:1271] - Pass 7, Batch 0, Cost 0.000719, {'__auc_evaluator_0__': 1.0, 'classification_error_evaluator': 0.0}

[2018-06-13 11:53:55,228] - traintext.py [Line:199] - [INFO]-[thread:140452925105920]-[process:1271] - Pass 8, Batch 0, Cost 0.001463, {'__auc_evaluator_0__': 1.0, 'classification_error_evaluator': 0.0}

[2018-06-13 11:53:55,992] - traintext.py [Line:199] - [INFO]-[thread:140452925105920]-[process:1271] - Pass 9, Batch 0, Cost 0.000515, {'__auc_evaluator_0__': 1.0, 'classification_error_evaluator': 0.0}

[2018-06-13 11:53:56,593] - traintext.py [Line:218] - [INFO]-[thread:140452925105920]-[process:1271] - Training has finished.
[2018-06-13 12:08:01,510] - traintext.py [Line:136] - [INFO]-[thread:139669572622080]-[process:3607] - Class number is : 2.
[2018-06-13 12:08:01,510] - traintext.py [Line:157] - [INFO]-[thread:139669572622080]-[process:3607] - Length of word dictionary is : 4221.
[2018-06-13 12:08:02,107] - traintext.py [Line:161] - [INFO]-[thread:139669572622080]-[process:3607] - paddle.init is over
[2018-06-13 12:08:02,107] - traintext.py [Line:170] - [INFO]-[thread:139669572622080]-[process:3607] - adam_optimizer is over
[2018-06-13 12:08:02,112] - traintext.py [Line:174] - [INFO]-[thread:139669572622080]-[process:3607] - nested_net is over
[2018-06-13 12:08:02,113] - traintext.py [Line:179] - [INFO]-[thread:139669572622080]-[process:3607] - paddle.parameters is over
[2018-06-13 12:08:02,125] - traintext.py [Line:188] - [INFO]-[thread:139669572622080]-[process:3607] - paddle.trainer.SG is over
[2018-06-13 12:08:02,386] - traintext.py [Line:199] - [INFO]-[thread:139669572622080]-[process:3607] - Pass 0, Batch 0, Cost 0.434493, {'__auc_evaluator_0__': 0.3392857015132904, 'classification_error_evaluator': 0.125}

[2018-06-13 12:08:03,112] - traintext.py [Line:199] - [INFO]-[thread:139669572622080]-[process:3607] - Pass 1, Batch 0, Cost 0.365727, {'__auc_evaluator_0__': 0.9468598961830139, 'classification_error_evaluator': 0.1875}

[2018-06-13 12:08:03,857] - traintext.py [Line:199] - [INFO]-[thread:139669572622080]-[process:3607] - Pass 2, Batch 0, Cost 0.006032, {'__auc_evaluator_0__': 1.0, 'classification_error_evaluator': 0.0}

[2018-06-13 12:08:04,580] - traintext.py [Line:199] - [INFO]-[thread:139669572622080]-[process:3607] - Pass 3, Batch 0, Cost 0.008154, {'__auc_evaluator_0__': 1.0, 'classification_error_evaluator': 0.0}

[2018-06-13 12:08:05,263] - traintext.py [Line:199] - [INFO]-[thread:139669572622080]-[process:3607] - Pass 4, Batch 0, Cost 0.003299, {'__auc_evaluator_0__': 1.0, 'classification_error_evaluator': 0.0}

[2018-06-13 12:08:06,083] - traintext.py [Line:199] - [INFO]-[thread:139669572622080]-[process:3607] - Pass 5, Batch 0, Cost 0.000017, {'__auc_evaluator_0__': 1.0, 'classification_error_evaluator': 0.0}

[2018-06-13 12:08:06,818] - traintext.py [Line:199] - [INFO]-[thread:139669572622080]-[process:3607] - Pass 6, Batch 0, Cost 0.000353, {'__auc_evaluator_0__': 1.0, 'classification_error_evaluator': 0.0}

[2018-06-13 12:08:07,544] - traintext.py [Line:199] - [INFO]-[thread:139669572622080]-[process:3607] - Pass 7, Batch 0, Cost 0.000715, {'__auc_evaluator_0__': 1.0, 'classification_error_evaluator': 0.0}

[2018-06-13 12:08:08,282] - traintext.py [Line:199] - [INFO]-[thread:139669572622080]-[process:3607] - Pass 8, Batch 0, Cost 0.000601, {'__auc_evaluator_0__': 1.0, 'classification_error_evaluator': 0.0}

[2018-06-13 12:08:09,001] - traintext.py [Line:199] - [INFO]-[thread:139669572622080]-[process:3607] - Pass 9, Batch 0, Cost 0.000716, {'__auc_evaluator_0__': 1.0, 'classification_error_evaluator': 0.0}

[2018-06-13 12:08:09,594] - traintext.py [Line:218] - [INFO]-[thread:139669572622080]-[process:3607] - Training has finished.
[2018-06-13 12:09:23,693] - traintext.py [Line:108] - [INFO]-[thread:140327496656640]-[process:7094] - Word dictionary is not given, the dictionary is automatically built from the training data.
[2018-06-13 12:09:30,622] - traintext.py [Line:122] - [INFO]-[thread:140327496656640]-[process:7094] - Label dictionary is not given, the dictionary is automatically built from the training data.
[2018-06-13 12:09:30,679] - traintext.py [Line:136] - [INFO]-[thread:140327496656640]-[process:7094] - Class number is : 2.
[2018-06-13 12:09:30,679] - traintext.py [Line:157] - [INFO]-[thread:140327496656640]-[process:7094] - Length of word dictionary is : 51285.
[2018-06-13 12:09:31,308] - traintext.py [Line:161] - [INFO]-[thread:140327496656640]-[process:7094] - paddle.init is over
[2018-06-13 12:09:31,309] - traintext.py [Line:170] - [INFO]-[thread:140327496656640]-[process:7094] - adam_optimizer is over
[2018-06-13 12:09:31,314] - traintext.py [Line:174] - [INFO]-[thread:140327496656640]-[process:7094] - nested_net is over
[2018-06-13 12:09:31,314] - traintext.py [Line:179] - [INFO]-[thread:140327496656640]-[process:7094] - paddle.parameters is over
[2018-06-13 12:09:31,384] - traintext.py [Line:188] - [INFO]-[thread:140327496656640]-[process:7094] - paddle.trainer.SG is over
[2018-06-13 12:09:38,685] - traintext.py [Line:199] - [INFO]-[thread:140327496656640]-[process:7094] - Pass 0, Batch 0, Cost 0.938029, {'__auc_evaluator_0__': 0.5, 'classification_error_evaluator': 0.3125}

[2018-06-13 12:09:52,814] - traintext.py [Line:199] - [INFO]-[thread:140327496656640]-[process:7094] - Pass 1, Batch 0, Cost 0.323909, {'__auc_evaluator_0__': 1.0, 'classification_error_evaluator': 0.0}

[2018-06-13 12:10:07,047] - traintext.py [Line:199] - [INFO]-[thread:140327496656640]-[process:7094] - Pass 2, Batch 0, Cost 0.000081, {'__auc_evaluator_0__': 1.0, 'classification_error_evaluator': 0.0}

[2018-06-13 12:10:20,830] - traintext.py [Line:199] - [INFO]-[thread:140327496656640]-[process:7094] - Pass 3, Batch 0, Cost 0.000004, {'__auc_evaluator_0__': 1.0, 'classification_error_evaluator': 0.0}

[2018-06-13 12:10:34,488] - traintext.py [Line:199] - [INFO]-[thread:140327496656640]-[process:7094] - Pass 4, Batch 0, Cost 0.000018, {'__auc_evaluator_0__': 1.0, 'classification_error_evaluator': 0.0}

[2018-06-13 12:10:48,142] - traintext.py [Line:199] - [INFO]-[thread:140327496656640]-[process:7094] - Pass 5, Batch 0, Cost 0.000000, {'__auc_evaluator_0__': 1.0, 'classification_error_evaluator': 0.0}

[2018-06-13 12:11:02,000] - traintext.py [Line:199] - [INFO]-[thread:140327496656640]-[process:7094] - Pass 6, Batch 0, Cost 0.000001, {'__auc_evaluator_0__': 1.0, 'classification_error_evaluator': 0.0}

[2018-06-13 12:11:21,303] - traintext.py [Line:199] - [INFO]-[thread:140327496656640]-[process:7094] - Pass 7, Batch 0, Cost 0.000001, {'__auc_evaluator_0__': 1.0, 'classification_error_evaluator': 0.0}

[2018-06-13 12:11:36,661] - traintext.py [Line:199] - [INFO]-[thread:140327496656640]-[process:7094] - Pass 8, Batch 0, Cost 0.000013, {'__auc_evaluator_0__': 1.0, 'classification_error_evaluator': 0.0}

[2018-06-13 12:11:50,595] - traintext.py [Line:199] - [INFO]-[thread:140327496656640]-[process:7094] - Pass 9, Batch 0, Cost 0.000002, {'__auc_evaluator_0__': 1.0, 'classification_error_evaluator': 0.0}

[2018-06-13 12:11:57,938] - traintext.py [Line:218] - [INFO]-[thread:140327496656640]-[process:7094] - Training has finished.
[2018-06-13 12:14:56,072] - traintext.py [Line:136] - [INFO]-[thread:140378345887488]-[process:20432] - Class number is : 2.
[2018-06-13 12:14:56,072] - traintext.py [Line:157] - [INFO]-[thread:140378345887488]-[process:20432] - Length of word dictionary is : 37116.
[2018-06-13 12:14:56,672] - traintext.py [Line:161] - [INFO]-[thread:140378345887488]-[process:20432] - paddle.init is over
[2018-06-13 12:14:56,673] - traintext.py [Line:170] - [INFO]-[thread:140378345887488]-[process:20432] - adam_optimizer is over
[2018-06-13 12:14:56,677] - traintext.py [Line:174] - [INFO]-[thread:140378345887488]-[process:20432] - nested_net is over
[2018-06-13 12:14:56,678] - traintext.py [Line:179] - [INFO]-[thread:140378345887488]-[process:20432] - paddle.parameters is over
[2018-06-13 12:14:56,732] - traintext.py [Line:188] - [INFO]-[thread:140378345887488]-[process:20432] - paddle.trainer.SG is over
[2018-06-13 12:14:59,372] - traintext.py [Line:199] - [INFO]-[thread:140378345887488]-[process:20432] - Pass 0, Batch 0, Cost 1.023013, {'__auc_evaluator_0__': 0.7575757503509521, 'classification_error_evaluator': 0.34375}

[2018-06-13 12:15:03,963] - traintext.py [Line:199] - [INFO]-[thread:140378345887488]-[process:20432] - Pass 1, Batch 0, Cost 0.087396, {'__auc_evaluator_0__': 1.0, 'classification_error_evaluator': 0.03125}

[2018-06-13 12:15:08,419] - traintext.py [Line:199] - [INFO]-[thread:140378345887488]-[process:20432] - Pass 2, Batch 0, Cost 0.000015, {'__auc_evaluator_0__': 1.0, 'classification_error_evaluator': 0.0}

[2018-06-13 12:15:12,967] - traintext.py [Line:199] - [INFO]-[thread:140378345887488]-[process:20432] - Pass 3, Batch 0, Cost 0.000004, {'__auc_evaluator_0__': 1.0, 'classification_error_evaluator': 0.0}

[2018-06-13 12:15:17,737] - traintext.py [Line:199] - [INFO]-[thread:140378345887488]-[process:20432] - Pass 4, Batch 0, Cost 0.000001, {'__auc_evaluator_0__': 1.0, 'classification_error_evaluator': 0.0}

[2018-06-13 12:15:22,277] - traintext.py [Line:199] - [INFO]-[thread:140378345887488]-[process:20432] - Pass 5, Batch 0, Cost 0.000001, {'__auc_evaluator_0__': 1.0, 'classification_error_evaluator': 0.0}

[2018-06-13 12:15:26,966] - traintext.py [Line:199] - [INFO]-[thread:140378345887488]-[process:20432] - Pass 6, Batch 0, Cost 0.000000, {'__auc_evaluator_0__': 1.0, 'classification_error_evaluator': 0.0}

[2018-06-13 12:15:31,578] - traintext.py [Line:199] - [INFO]-[thread:140378345887488]-[process:20432] - Pass 7, Batch 0, Cost 0.000000, {'__auc_evaluator_0__': 1.0, 'classification_error_evaluator': 0.0}

[2018-06-13 12:15:36,221] - traintext.py [Line:199] - [INFO]-[thread:140378345887488]-[process:20432] - Pass 8, Batch 0, Cost 0.000000, {'__auc_evaluator_0__': 1.0, 'classification_error_evaluator': 0.0}

[2018-06-13 12:15:40,804] - traintext.py [Line:199] - [INFO]-[thread:140378345887488]-[process:20432] - Pass 9, Batch 0, Cost 0.000000, {'__auc_evaluator_0__': 1.0, 'classification_error_evaluator': 0.0}

[2018-06-13 12:15:43,043] - traintext.py [Line:218] - [INFO]-[thread:140378345887488]-[process:20432] - Training has finished.
