[2018-05-16 14:48:37,244] - traintext.py [Line:105] - [INFO]-[thread:139949967968000]-[process:15804] - Word dictionary is not given, the dictionary is automatically built from the training data.
[2018-05-16 14:48:37,320] - traintext.py [Line:128] - [INFO]-[thread:139949967968000]-[process:15804] - Class number is : 2.
[2018-05-16 14:48:37,320] - traintext.py [Line:149] - [INFO]-[thread:139949967968000]-[process:15804] - Length of word dictionary is : 3616.
[2018-05-16 14:48:39,505] - traintext.py [Line:184] - [INFO]-[thread:139949967968000]-[process:15804] - Pass 0, Batch 0, Cost 0.595659, {'__auc_evaluator_0__': 0.7135416865348816, 'classification_error_evaluator': 0.25}

[2018-05-16 14:48:40,368] - traintext.py [Line:184] - [INFO]-[thread:139949967968000]-[process:15804] - Pass 1, Batch 0, Cost 0.246872, {'__auc_evaluator_0__': 0.9910714030265808, 'classification_error_evaluator': 0.09375}

[2018-05-16 14:48:41,050] - traintext.py [Line:184] - [INFO]-[thread:139949967968000]-[process:15804] - Pass 2, Batch 0, Cost 0.046507, {'__auc_evaluator_0__': 1.0, 'classification_error_evaluator': 0.0}

[2018-05-16 14:48:41,715] - traintext.py [Line:184] - [INFO]-[thread:139949967968000]-[process:15804] - Pass 3, Batch 0, Cost 0.000391, {'__auc_evaluator_0__': 1.0, 'classification_error_evaluator': 0.0}

[2018-05-16 14:48:42,496] - traintext.py [Line:184] - [INFO]-[thread:139949967968000]-[process:15804] - Pass 4, Batch 0, Cost 0.000790, {'__auc_evaluator_0__': 1.0, 'classification_error_evaluator': 0.0}

[2018-05-16 14:48:43,178] - traintext.py [Line:184] - [INFO]-[thread:139949967968000]-[process:15804] - Pass 5, Batch 0, Cost 0.001343, {'__auc_evaluator_0__': 1.0, 'classification_error_evaluator': 0.0}

[2018-05-16 14:48:43,857] - traintext.py [Line:184] - [INFO]-[thread:139949967968000]-[process:15804] - Pass 6, Batch 0, Cost 0.000257, {'__auc_evaluator_0__': 1.0, 'classification_error_evaluator': 0.0}

[2018-05-16 14:48:44,632] - traintext.py [Line:184] - [INFO]-[thread:139949967968000]-[process:15804] - Pass 7, Batch 0, Cost 0.000548, {'__auc_evaluator_0__': 1.0, 'classification_error_evaluator': 0.0}

[2018-05-16 14:48:45,310] - traintext.py [Line:184] - [INFO]-[thread:139949967968000]-[process:15804] - Pass 8, Batch 0, Cost 0.001339, {'__auc_evaluator_0__': 1.0, 'classification_error_evaluator': 0.0}

[2018-05-16 14:48:45,996] - traintext.py [Line:184] - [INFO]-[thread:139949967968000]-[process:15804] - Pass 9, Batch 0, Cost 0.000663, {'__auc_evaluator_0__': 1.0, 'classification_error_evaluator': 0.0}

[2018-05-16 14:48:46,673] - traintext.py [Line:203] - [INFO]-[thread:139949967968000]-[process:15804] - Training has finished.
[2018-05-17 10:30:39,507] - traintext.py [Line:128] - [INFO]-[thread:140485458937600]-[process:30466] - Class number is : 2.
[2018-05-17 10:30:39,508] - traintext.py [Line:149] - [INFO]-[thread:140485458937600]-[process:30466] - Length of word dictionary is : 45125.
[2018-05-17 10:30:40,596] - traintext.py [Line:184] - [INFO]-[thread:140485458937600]-[process:30466] - Pass 0, Batch 0, Cost 0.732170, {'__auc_evaluator_0__': 0.2862745225429535, 'classification_error_evaluator': 0.46875}

[2018-05-17 10:30:42,996] - traintext.py [Line:184] - [INFO]-[thread:140485458937600]-[process:30466] - Pass 1, Batch 0, Cost 0.115705, {'__auc_evaluator_0__': 0.9797570705413818, 'classification_error_evaluator': 0.03125}

[2018-05-17 10:30:44,939] - traintext.py [Line:184] - [INFO]-[thread:140485458937600]-[process:30466] - Pass 2, Batch 0, Cost 0.010518, {'__auc_evaluator_0__': 1.0, 'classification_error_evaluator': 0.0}

[2018-05-17 10:30:46,791] - traintext.py [Line:184] - [INFO]-[thread:140485458937600]-[process:30466] - Pass 3, Batch 0, Cost 0.000085, {'__auc_evaluator_0__': 1.0, 'classification_error_evaluator': 0.0}

[2018-05-17 10:30:49,495] - traintext.py [Line:184] - [INFO]-[thread:140485458937600]-[process:30466] - Pass 4, Batch 0, Cost 0.000061, {'__auc_evaluator_0__': 1.0, 'classification_error_evaluator': 0.0}

[2018-05-17 10:30:51,387] - traintext.py [Line:184] - [INFO]-[thread:140485458937600]-[process:30466] - Pass 5, Batch 0, Cost 0.000002, {'__auc_evaluator_0__': 1.0, 'classification_error_evaluator': 0.0}

[2018-05-17 10:30:53,286] - traintext.py [Line:184] - [INFO]-[thread:140485458937600]-[process:30466] - Pass 6, Batch 0, Cost 0.000002, {'__auc_evaluator_0__': 1.0, 'classification_error_evaluator': 0.0}

[2018-05-17 10:30:55,166] - traintext.py [Line:184] - [INFO]-[thread:140485458937600]-[process:30466] - Pass 7, Batch 0, Cost 0.000004, {'__auc_evaluator_0__': 1.0, 'classification_error_evaluator': 0.0}

[2018-05-17 10:31:00,247] - traintext.py [Line:184] - [INFO]-[thread:140485458937600]-[process:30466] - Pass 8, Batch 0, Cost 0.000003, {'__auc_evaluator_0__': 1.0, 'classification_error_evaluator': 0.0}

[2018-05-17 10:31:06,488] - traintext.py [Line:184] - [INFO]-[thread:140485458937600]-[process:30466] - Pass 9, Batch 0, Cost 0.000001, {'__auc_evaluator_0__': 1.0, 'classification_error_evaluator': 0.0}

[2018-05-17 10:31:09,461] - traintext.py [Line:203] - [INFO]-[thread:140485458937600]-[process:30466] - Training has finished.
[2018-05-17 10:47:08,463] - traintext.py [Line:128] - [INFO]-[thread:139662019159808]-[process:5819] - Class number is : 2.
[2018-05-17 10:47:08,463] - traintext.py [Line:149] - [INFO]-[thread:139662019159808]-[process:5819] - Length of word dictionary is : 75335.
[2018-05-17 10:47:09,893] - traintext.py [Line:184] - [INFO]-[thread:139662019159808]-[process:5819] - Pass 0, Batch 0, Cost 1.479991, {'__auc_evaluator_0__': 0.39676111936569214, 'classification_error_evaluator': 0.40625}

[2018-05-17 10:47:15,054] - traintext.py [Line:184] - [INFO]-[thread:139662019159808]-[process:5819] - Pass 1, Batch 0, Cost 0.196326, {'__auc_evaluator_0__': 0.99609375, 'classification_error_evaluator': 0.03125}

[2018-05-17 10:47:20,142] - traintext.py [Line:184] - [INFO]-[thread:139662019159808]-[process:5819] - Pass 2, Batch 0, Cost 0.032025, {'__auc_evaluator_0__': 1.0, 'classification_error_evaluator': 0.03125}

[2018-05-17 10:47:25,280] - traintext.py [Line:184] - [INFO]-[thread:139662019159808]-[process:5819] - Pass 3, Batch 0, Cost 0.008151, {'__auc_evaluator_0__': 1.0, 'classification_error_evaluator': 0.0}

[2018-05-17 10:47:30,393] - traintext.py [Line:184] - [INFO]-[thread:139662019159808]-[process:5819] - Pass 4, Batch 0, Cost 0.000062, {'__auc_evaluator_0__': 1.0, 'classification_error_evaluator': 0.0}

[2018-05-17 10:47:35,324] - traintext.py [Line:184] - [INFO]-[thread:139662019159808]-[process:5819] - Pass 5, Batch 0, Cost 0.000005, {'__auc_evaluator_0__': 1.0, 'classification_error_evaluator': 0.0}

[2018-05-17 10:47:40,288] - traintext.py [Line:184] - [INFO]-[thread:139662019159808]-[process:5819] - Pass 6, Batch 0, Cost 0.000001, {'__auc_evaluator_0__': 1.0, 'classification_error_evaluator': 0.0}

[2018-05-17 10:47:45,585] - traintext.py [Line:184] - [INFO]-[thread:139662019159808]-[process:5819] - Pass 7, Batch 0, Cost 0.000083, {'__auc_evaluator_0__': 1.0, 'classification_error_evaluator': 0.0}

[2018-05-17 10:47:50,654] - traintext.py [Line:184] - [INFO]-[thread:139662019159808]-[process:5819] - Pass 8, Batch 0, Cost 0.000006, {'__auc_evaluator_0__': 1.0, 'classification_error_evaluator': 0.0}

[2018-05-17 10:47:55,739] - traintext.py [Line:184] - [INFO]-[thread:139662019159808]-[process:5819] - Pass 9, Batch 0, Cost 0.000006, {'__auc_evaluator_0__': 1.0, 'classification_error_evaluator': 0.0}

[2018-05-17 10:48:00,018] - traintext.py [Line:203] - [INFO]-[thread:139662019159808]-[process:5819] - Training has finished.
[2018-05-17 13:32:34,710] - traintext.py [Line:128] - [INFO]-[thread:140585060316928]-[process:8779] - Class number is : 2.
[2018-05-17 13:32:34,710] - traintext.py [Line:149] - [INFO]-[thread:140585060316928]-[process:8779] - Length of word dictionary is : 45125.
[2018-05-17 13:32:35,747] - traintext.py [Line:184] - [INFO]-[thread:140585060316928]-[process:8779] - Pass 0, Batch 0, Cost 0.797617, {'__auc_evaluator_0__': 0.5436508059501648, 'classification_error_evaluator': 0.5625}

[2018-05-17 13:32:37,718] - traintext.py [Line:184] - [INFO]-[thread:140585060316928]-[process:8779] - Pass 1, Batch 0, Cost 0.142010, {'__auc_evaluator_0__': 0.98828125, 'classification_error_evaluator': 0.03125}

[2018-05-17 13:32:40,122] - traintext.py [Line:184] - [INFO]-[thread:140585060316928]-[process:8779] - Pass 2, Batch 0, Cost 0.067009, {'__auc_evaluator_0__': 1.0, 'classification_error_evaluator': 0.0}

[2018-05-17 13:32:42,076] - traintext.py [Line:184] - [INFO]-[thread:140585060316928]-[process:8779] - Pass 3, Batch 0, Cost 0.118991, {'__auc_evaluator_0__': 1.0, 'classification_error_evaluator': 0.03125}

[2018-05-17 13:32:44,497] - traintext.py [Line:184] - [INFO]-[thread:140585060316928]-[process:8779] - Pass 4, Batch 0, Cost 0.000021, {'__auc_evaluator_0__': 1.0, 'classification_error_evaluator': 0.0}

[2018-05-17 13:32:46,733] - traintext.py [Line:184] - [INFO]-[thread:140585060316928]-[process:8779] - Pass 5, Batch 0, Cost 0.000004, {'__auc_evaluator_0__': 1.0, 'classification_error_evaluator': 0.0}

[2018-05-17 13:32:48,827] - traintext.py [Line:184] - [INFO]-[thread:140585060316928]-[process:8779] - Pass 6, Batch 0, Cost 0.000050, {'__auc_evaluator_0__': 1.0, 'classification_error_evaluator': 0.0}

[2018-05-17 13:32:50,784] - traintext.py [Line:184] - [INFO]-[thread:140585060316928]-[process:8779] - Pass 7, Batch 0, Cost 0.000057, {'__auc_evaluator_0__': 1.0, 'classification_error_evaluator': 0.0}

[2018-05-17 13:32:53,060] - traintext.py [Line:184] - [INFO]-[thread:140585060316928]-[process:8779] - Pass 8, Batch 0, Cost 0.000001, {'__auc_evaluator_0__': 1.0, 'classification_error_evaluator': 0.0}

[2018-05-17 13:32:55,031] - traintext.py [Line:184] - [INFO]-[thread:140585060316928]-[process:8779] - Pass 9, Batch 0, Cost 0.000002, {'__auc_evaluator_0__': 1.0, 'classification_error_evaluator': 0.0}

[2018-05-17 13:32:56,937] - traintext.py [Line:203] - [INFO]-[thread:140585060316928]-[process:8779] - Training has finished.
[2018-05-17 13:38:56,203] - traintext.py [Line:128] - [INFO]-[thread:140037035472640]-[process:8898] - Class number is : 2.
[2018-05-17 13:38:56,204] - traintext.py [Line:149] - [INFO]-[thread:140037035472640]-[process:8898] - Length of word dictionary is : 45125.
[2018-05-17 13:38:57,251] - traintext.py [Line:184] - [INFO]-[thread:140037035472640]-[process:8898] - Pass 0, Batch 0, Cost 0.819742, {'__auc_evaluator_0__': 0.4777328073978424, 'classification_error_evaluator': 0.59375}

[2018-05-17 13:38:59,132] - traintext.py [Line:184] - [INFO]-[thread:140037035472640]-[process:8898] - Pass 1, Batch 0, Cost 0.348681, {'__auc_evaluator_0__': 0.9708333611488342, 'classification_error_evaluator': 0.125}

[2018-05-17 13:39:01,059] - traintext.py [Line:184] - [INFO]-[thread:140037035472640]-[process:8898] - Pass 2, Batch 0, Cost 0.011541, {'__auc_evaluator_0__': 1.0, 'classification_error_evaluator': 0.0}

[2018-05-17 13:39:03,014] - traintext.py [Line:184] - [INFO]-[thread:140037035472640]-[process:8898] - Pass 3, Batch 0, Cost 0.000070, {'__auc_evaluator_0__': 1.0, 'classification_error_evaluator': 0.0}

[2018-05-17 13:39:04,924] - traintext.py [Line:184] - [INFO]-[thread:140037035472640]-[process:8898] - Pass 4, Batch 0, Cost 0.000007, {'__auc_evaluator_0__': 1.0, 'classification_error_evaluator': 0.0}

[2018-05-17 13:39:06,766] - traintext.py [Line:184] - [INFO]-[thread:140037035472640]-[process:8898] - Pass 5, Batch 0, Cost 0.000003, {'__auc_evaluator_0__': 1.0, 'classification_error_evaluator': 0.0}

[2018-05-17 13:39:08,642] - traintext.py [Line:184] - [INFO]-[thread:140037035472640]-[process:8898] - Pass 6, Batch 0, Cost 0.000004, {'__auc_evaluator_0__': 1.0, 'classification_error_evaluator': 0.0}

[2018-05-17 13:39:10,542] - traintext.py [Line:184] - [INFO]-[thread:140037035472640]-[process:8898] - Pass 7, Batch 0, Cost 0.000005, {'__auc_evaluator_0__': 1.0, 'classification_error_evaluator': 0.0}

[2018-05-17 13:39:12,377] - traintext.py [Line:184] - [INFO]-[thread:140037035472640]-[process:8898] - Pass 8, Batch 0, Cost 0.000010, {'__auc_evaluator_0__': 1.0, 'classification_error_evaluator': 0.0}

[2018-05-17 13:39:14,236] - traintext.py [Line:184] - [INFO]-[thread:140037035472640]-[process:8898] - Pass 9, Batch 0, Cost 0.000003, {'__auc_evaluator_0__': 1.0, 'classification_error_evaluator': 0.0}

[2018-05-17 13:39:16,037] - traintext.py [Line:203] - [INFO]-[thread:140037035472640]-[process:8898] - Training has finished.
[2018-05-17 16:42:41,745] - traintext.py [Line:128] - [INFO]-[thread:140208086824704]-[process:11287] - Class number is : 2.
[2018-05-17 16:42:41,746] - traintext.py [Line:149] - [INFO]-[thread:140208086824704]-[process:11287] - Length of word dictionary is : 4318.
[2018-05-17 16:42:42,592] - traintext.py [Line:184] - [INFO]-[thread:140208086824704]-[process:11287] - Pass 0, Batch 0, Cost 1.314574, {'__auc_evaluator_0__': 0.5555555820465088, 'classification_error_evaluator': 0.71875}

[2018-05-17 16:42:43,226] - traintext.py [Line:184] - [INFO]-[thread:140208086824704]-[process:11287] - Pass 1, Batch 0, Cost 0.318856, {'__auc_evaluator_0__': 0.9195402264595032, 'classification_error_evaluator': 0.09375}

[2018-05-17 16:42:43,856] - traintext.py [Line:184] - [INFO]-[thread:140208086824704]-[process:11287] - Pass 2, Batch 0, Cost 0.000301, {'__auc_evaluator_0__': 1.0, 'classification_error_evaluator': 0.0}

[2018-05-17 16:42:44,493] - traintext.py [Line:184] - [INFO]-[thread:140208086824704]-[process:11287] - Pass 3, Batch 0, Cost 0.000132, {'__auc_evaluator_0__': 1.0, 'classification_error_evaluator': 0.0}

[2018-05-17 16:42:45,132] - traintext.py [Line:184] - [INFO]-[thread:140208086824704]-[process:11287] - Pass 4, Batch 0, Cost 0.005860, {'__auc_evaluator_0__': 1.0, 'classification_error_evaluator': 0.0}

[2018-05-17 16:42:45,752] - traintext.py [Line:184] - [INFO]-[thread:140208086824704]-[process:11287] - Pass 5, Batch 0, Cost 0.004884, {'__auc_evaluator_0__': 1.0, 'classification_error_evaluator': 0.0}

[2018-05-17 16:42:46,383] - traintext.py [Line:184] - [INFO]-[thread:140208086824704]-[process:11287] - Pass 6, Batch 0, Cost 0.000943, {'__auc_evaluator_0__': 1.0, 'classification_error_evaluator': 0.0}

[2018-05-17 16:42:47,059] - traintext.py [Line:184] - [INFO]-[thread:140208086824704]-[process:11287] - Pass 7, Batch 0, Cost 0.001136, {'__auc_evaluator_0__': 1.0, 'classification_error_evaluator': 0.0}

[2018-05-17 16:42:47,743] - traintext.py [Line:184] - [INFO]-[thread:140208086824704]-[process:11287] - Pass 8, Batch 0, Cost 0.000760, {'__auc_evaluator_0__': 1.0, 'classification_error_evaluator': 0.0}

[2018-05-17 16:42:48,430] - traintext.py [Line:184] - [INFO]-[thread:140208086824704]-[process:11287] - Pass 9, Batch 0, Cost 0.000145, {'__auc_evaluator_0__': 1.0, 'classification_error_evaluator': 0.0}

[2018-05-17 16:42:48,993] - traintext.py [Line:203] - [INFO]-[thread:140208086824704]-[process:11287] - Training has finished.
