[2018-04-28 12:00:25,440] - traintext.py [Line:105] - [INFO]-[thread:139845019846400]-[process:16775] - Word dictionary is not given, the dictionary is automatically built from the training data.
[2018-04-28 12:00:25,766] - traintext.py [Line:117] - [INFO]-[thread:139845019846400]-[process:16775] - Label dictionary is not given, the dictionary is automatically built from the training data.
[2018-04-28 12:00:25,801] - traintext.py [Line:128] - [INFO]-[thread:139845019846400]-[process:16775] - Class number is : 2.
[2018-04-28 12:00:25,802] - traintext.py [Line:149] - [INFO]-[thread:139845019846400]-[process:16775] - Length of word dictionary is : 62119.
[2018-04-28 12:00:27,485] - traintext.py [Line:184] - [INFO]-[thread:139845019846400]-[process:16775] - Pass 0, Batch 0, Cost 0.591219, {'__auc_evaluator_0__': 0.16129031777381897, 'classification_error_evaluator': 0.03125}

[2018-04-28 12:00:31,372] - traintext.py [Line:184] - [INFO]-[thread:139845019846400]-[process:16775] - Pass 1, Batch 0, Cost 0.259212, {'__auc_evaluator_0__': 0.9375, 'classification_error_evaluator': 0.09375}

[2018-04-28 12:00:35,294] - traintext.py [Line:184] - [INFO]-[thread:139845019846400]-[process:16775] - Pass 2, Batch 0, Cost 0.143002, {'__auc_evaluator_0__': 1.0, 'classification_error_evaluator': 0.0625}

[2018-04-28 12:00:38,951] - traintext.py [Line:184] - [INFO]-[thread:139845019846400]-[process:16775] - Pass 3, Batch 0, Cost 0.001033, {'__auc_evaluator_0__': 1.0, 'classification_error_evaluator': 0.0}

[2018-04-28 12:00:43,067] - traintext.py [Line:184] - [INFO]-[thread:139845019846400]-[process:16775] - Pass 4, Batch 0, Cost 0.000043, {'__auc_evaluator_0__': 1.0, 'classification_error_evaluator': 0.0}

[2018-04-28 12:00:46,830] - traintext.py [Line:184] - [INFO]-[thread:139845019846400]-[process:16775] - Pass 5, Batch 0, Cost 0.000352, {'__auc_evaluator_0__': 1.0, 'classification_error_evaluator': 0.0}

[2018-04-28 12:00:50,668] - traintext.py [Line:184] - [INFO]-[thread:139845019846400]-[process:16775] - Pass 6, Batch 0, Cost 0.000008, {'__auc_evaluator_0__': 1.0, 'classification_error_evaluator': 0.0}

[2018-04-28 12:00:54,679] - traintext.py [Line:184] - [INFO]-[thread:139845019846400]-[process:16775] - Pass 7, Batch 0, Cost 0.000064, {'__auc_evaluator_0__': 1.0, 'classification_error_evaluator': 0.0}

[2018-04-28 12:00:58,603] - traintext.py [Line:184] - [INFO]-[thread:139845019846400]-[process:16775] - Pass 8, Batch 0, Cost 0.000049, {'__auc_evaluator_0__': 1.0, 'classification_error_evaluator': 0.0}

[2018-04-28 12:01:02,570] - traintext.py [Line:184] - [INFO]-[thread:139845019846400]-[process:16775] - Pass 9, Batch 0, Cost 0.000000, {'__auc_evaluator_0__': 1.0, 'classification_error_evaluator': 0.0}

[2018-04-28 12:01:05,625] - traintext.py [Line:203] - [INFO]-[thread:139845019846400]-[process:16775] - Training has finished.
[2018-04-28 12:12:07,134] - traintext.py [Line:128] - [INFO]-[thread:140153729582848]-[process:31001] - Class number is : 2.
[2018-04-28 12:12:07,134] - traintext.py [Line:149] - [INFO]-[thread:140153729582848]-[process:31001] - Length of word dictionary is : 62119.
[2018-04-28 12:12:08,747] - traintext.py [Line:184] - [INFO]-[thread:140153729582848]-[process:31001] - Pass 0, Batch 0, Cost 0.794553, {'__auc_evaluator_0__': 0.6321839094161987, 'classification_error_evaluator': 0.90625}

[2018-04-28 12:12:12,444] - traintext.py [Line:184] - [INFO]-[thread:140153729582848]-[process:31001] - Pass 1, Batch 0, Cost 0.625537, {'__auc_evaluator_0__': 1.0, 'classification_error_evaluator': 0.21875}

[2018-04-28 12:12:16,487] - traintext.py [Line:184] - [INFO]-[thread:140153729582848]-[process:31001] - Pass 2, Batch 0, Cost 0.073170, {'__auc_evaluator_0__': 1.0, 'classification_error_evaluator': 0.0}

[2018-04-28 12:12:20,180] - traintext.py [Line:184] - [INFO]-[thread:140153729582848]-[process:31001] - Pass 3, Batch 0, Cost 0.016899, {'__auc_evaluator_0__': 1.0, 'classification_error_evaluator': 0.0}

[2018-04-28 12:12:23,868] - traintext.py [Line:184] - [INFO]-[thread:140153729582848]-[process:31001] - Pass 4, Batch 0, Cost 0.031394, {'__auc_evaluator_0__': 1.0, 'classification_error_evaluator': 0.03125}

[2018-04-28 12:12:27,614] - traintext.py [Line:184] - [INFO]-[thread:140153729582848]-[process:31001] - Pass 5, Batch 0, Cost 0.004547, {'__auc_evaluator_0__': 1.0, 'classification_error_evaluator': 0.0}

[2018-04-28 12:12:31,433] - traintext.py [Line:184] - [INFO]-[thread:140153729582848]-[process:31001] - Pass 6, Batch 0, Cost 0.000028, {'__auc_evaluator_0__': 1.0, 'classification_error_evaluator': 0.0}

[2018-04-28 12:12:35,003] - traintext.py [Line:184] - [INFO]-[thread:140153729582848]-[process:31001] - Pass 7, Batch 0, Cost 0.000012, {'__auc_evaluator_0__': 1.0, 'classification_error_evaluator': 0.0}

[2018-04-28 12:12:38,894] - traintext.py [Line:184] - [INFO]-[thread:140153729582848]-[process:31001] - Pass 8, Batch 0, Cost 0.000005, {'__auc_evaluator_0__': 1.0, 'classification_error_evaluator': 0.0}

[2018-04-28 12:12:42,567] - traintext.py [Line:184] - [INFO]-[thread:140153729582848]-[process:31001] - Pass 9, Batch 0, Cost 0.000002, {'__auc_evaluator_0__': 1.0, 'classification_error_evaluator': 0.0}

[2018-04-28 12:12:45,611] - traintext.py [Line:203] - [INFO]-[thread:140153729582848]-[process:31001] - Training has finished.
